0 info it worked if it ends with ok
1 verbose cli [ 'C:\\Users\\usrname6\\Desktop\\node\\node.exe',
1 verbose cli   'C:\\Users\\usrname6\\Desktop\\node\\node_modules\\npm\\bin\\npm-cli.js',
1 verbose cli   'run',
1 verbose cli   'build' ]
2 info using npm@2.15.8
3 info using node@v4.4.7
4 verbose run-script [ 'prebuild', 'build', 'postbuild' ]
5 info prebuild DC3@0.1.0
6 info build DC3@0.1.0
7 verbose unsafe-perm in lifecycle true
8 info DC3@0.1.0 Failed to exec build script
9 verbose stack Error: DC3@0.1.0 build: `electron-packager --platform=win32 --arch=x64 --version=1.3.3 ./ MyApp`
9 verbose stack Exit status 1
9 verbose stack     at EventEmitter.<anonymous> (C:\Users\usrname6\Desktop\node\node_modules\npm\lib\utils\lifecycle.js:217:16)
9 verbose stack     at emitTwo (events.js:87:13)
9 verbose stack     at EventEmitter.emit (events.js:172:7)
9 verbose stack     at ChildProcess.<anonymous> (C:\Users\usrname6\Desktop\node\node_modules\npm\lib\utils\spawn.js:24:14)
9 verbose stack     at emitTwo (events.js:87:13)
9 verbose stack     at ChildProcess.emit (events.js:172:7)
9 verbose stack     at maybeClose (internal/child_process.js:827:16)
9 verbose stack     at Process.ChildProcess._handle.onexit (internal/child_process.js:211:5)
10 verbose pkgid DC3@0.1.0
11 verbose cwd C:\Users\usrname6\Desktop\electron
12 error Windows_NT 10.0.10586
13 error argv "C:\\Users\\usrname6\\Desktop\\node\\node.exe" "C:\\Users\\usrname6\\Desktop\\node\\node_modules\\npm\\bin\\npm-cli.js" "run" "build"
14 error node v4.4.7
15 error npm  v2.15.8
16 error code ELIFECYCLE
17 error DC3@0.1.0 build: `electron-packager --platform=win32 --arch=x64 --version=1.3.3 ./ MyApp`
17 error Exit status 1
18 error Failed at the DC3@0.1.0 build script 'electron-packager --platform=win32 --arch=x64 --version=1.3.3 ./ MyApp'.
18 error This is most likely a problem with the DC3 package,
18 error not with npm itself.
18 error Tell the author that this fails on your system:
18 error     electron-packager --platform=win32 --arch=x64 --version=1.3.3 ./ MyApp
18 error You can get information on how to open an issue for this project with:
18 error     npm bugs DC3
18 error Or if that isn't available, you can get their info via:
18 error
18 error     npm owner ls DC3
18 error There is likely additional logging output above.
19 verbose exit [ 1, true ]
